<?xml version="1.0" encoding="UTF-8"?>
<!-- Generated by org.testng.reporters.JUnitReportReporter -->
<testsuite hostname="DESKTOP-OGE7II3" failures="0" tests="1" name="handlingpopups.HowToHandlePopUps" time="21.683" errors="0" timestamp="2024-03-14T11:41:23 IST" skipped="0">
  <testcase classname="handlingpopups.HowToHandlePopUps" name="fileDownloadPopUp" time="21.683"/>
  <system-out/>
</testsuite> <!-- handlingpopups.HowToHandlePopUps -->
