<?xml version="1.0" encoding="UTF-8"?>
<!-- Generated by org.testng.reporters.JUnitReportReporter -->
<testsuite hostname="DESKTOP-OGE7II3" failures="0" tests="1" name="javascriptexecutor.ScrollingActionUsingJSE" time="8.666" errors="0" timestamp="2024-02-21T11:53:22 IST" skipped="0">
  <testcase classname="javascriptexecutor.ScrollingActionUsingJSE" name="scrollByJSE" time="8.666"/>
  <system-out/>
</testsuite> <!-- javascriptexecutor.ScrollingActionUsingJSE -->
